<!DOCTYPE html>
<html>
<head>
<meta http-equiv="Content-Type" content="text/html; charset=utf-8"/>
<meta http-equiv="x-ua-compatible" content="IE=edge"/>
<title>Test results - JasyptApplicationTests</title>
<link href="../css/base-style.css" rel="stylesheet" type="text/css"/>
<link href="../css/style.css" rel="stylesheet" type="text/css"/>
<script src="../js/report.js" type="text/javascript"></script>
</head>
<body>
<div id="content">
<h1>JasyptApplicationTests</h1>
<div class="breadcrumbs">
<a href="../index.html">all</a> &gt; 
<a href="../packages/couch.camping.html">couch.camping</a> &gt; JasyptApplicationTests</div>
<div id="summary">
<table>
<tr>
<td>
<div class="summaryGroup">
<table>
<tr>
<td>
<div class="infoBox" id="tests">
<div class="counter">1</div>
<p>tests</p>
</div>
</td>
<td>
<div class="infoBox" id="failures">
<div class="counter">1</div>
<p>failures</p>
</div>
</td>
<td>
<div class="infoBox" id="ignored">
<div class="counter">0</div>
<p>ignored</p>
</div>
</td>
<td>
<div class="infoBox" id="duration">
<div class="counter">0.003s</div>
<p>duration</p>
</div>
</td>
</tr>
</table>
</div>
</td>
<td>
<div class="infoBox failures" id="successRate">
<div class="percent">0%</div>
<p>successful</p>
</div>
</td>
</tr>
</table>
</div>
<div id="tabs">
<ul class="tabLinks">
<li>
<a href="#tab0">Failed tests</a>
</li>
<li>
<a href="#tab1">Tests</a>
</li>
<li>
<a href="#tab2">Standard output</a>
</li>
</ul>
<div id="tab0" class="tab">
<h2>Failed tests</h2>
<div class="test">
<a name="jasypt_encrypt_decrypt_test()"></a>
<h3 class="failures">jasypt_encrypt_decrypt_test()</h3>
<span class="code">
<pre>java.lang.IllegalStateException: Failed to load ApplicationContext
	at org.springframework.test.context.cache.DefaultCacheAwareContextLoaderDelegate.loadContext(DefaultCacheAwareContextLoaderDelegate.java:132)
	at org.springframework.test.context.support.DefaultTestContext.getApplicationContext(DefaultTestContext.java:124)
	at org.springframework.test.context.web.ServletTestExecutionListener.setUpRequestContextIfNecessary(ServletTestExecutionListener.java:190)
	at org.springframework.test.context.web.ServletTestExecutionListener.prepareTestInstance(ServletTestExecutionListener.java:132)
	at org.springframework.test.context.TestContextManager.prepareTestInstance(TestContextManager.java:248)
	at org.springframework.test.context.junit.jupiter.SpringExtension.postProcessTestInstance(SpringExtension.java:138)
	at org.junit.jupiter.engine.descriptor.ClassBasedTestDescriptor.lambda$invokeTestInstancePostProcessors$8(ClassBasedTestDescriptor.java:363)
	at org.junit.jupiter.engine.descriptor.ClassBasedTestDescriptor.executeAndMaskThrowable(ClassBasedTestDescriptor.java:368)
	at org.junit.jupiter.engine.descriptor.ClassBasedTestDescriptor.lambda$invokeTestInstancePostProcessors$9(ClassBasedTestDescriptor.java:363)
	at java.base/java.util.stream.ReferencePipeline$3$1.accept(ReferencePipeline.java:195)
	at java.base/java.util.stream.ReferencePipeline$2$1.accept(ReferencePipeline.java:177)
	at java.base/java.util.ArrayList$ArrayListSpliterator.forEachRemaining(ArrayList.java:1655)
	at java.base/java.util.stream.AbstractPipeline.copyInto(AbstractPipeline.java:484)
	at java.base/java.util.stream.AbstractPipeline.wrapAndCopyInto(AbstractPipeline.java:474)
	at java.base/java.util.stream.StreamSpliterators$WrappingSpliterator.forEachRemaining(StreamSpliterators.java:312)
	at java.base/java.util.stream.Streams$ConcatSpliterator.forEachRemaining(Streams.java:735)
	at java.base/java.util.stream.Streams$ConcatSpliterator.forEachRemaining(Streams.java:734)
	at java.base/java.util.stream.ReferencePipeline$Head.forEach(ReferencePipeline.java:658)
	at org.junit.jupiter.engine.descriptor.ClassBasedTestDescriptor.invokeTestInstancePostProcessors(ClassBasedTestDescriptor.java:362)
	at org.junit.jupiter.engine.descriptor.ClassBasedTestDescriptor.lambda$instantiateAndPostProcessTestInstance$6(ClassBasedTestDescriptor.java:283)
	at org.junit.platform.engine.support.hierarchical.ThrowableCollector.execute(ThrowableCollector.java:73)
	at org.junit.jupiter.engine.descriptor.ClassBasedTestDescriptor.instantiateAndPostProcessTestInstance(ClassBasedTestDescriptor.java:282)
	at org.junit.jupiter.engine.descriptor.ClassBasedTestDescriptor.lambda$testInstancesProvider$4(ClassBasedTestDescriptor.java:272)
	at java.base/java.util.Optional.orElseGet(Optional.java:369)
	at org.junit.jupiter.engine.descriptor.ClassBasedTestDescriptor.lambda$testInstancesProvider$5(ClassBasedTestDescriptor.java:271)
	at org.junit.jupiter.engine.execution.TestInstancesProvider.getTestInstances(TestInstancesProvider.java:31)
	at org.junit.jupiter.engine.descriptor.TestMethodTestDescriptor.lambda$prepare$0(TestMethodTestDescriptor.java:102)
	at org.junit.platform.engine.support.hierarchical.ThrowableCollector.execute(ThrowableCollector.java:73)
	at org.junit.jupiter.engine.descriptor.TestMethodTestDescriptor.prepare(TestMethodTestDescriptor.java:101)
	at org.junit.jupiter.engine.descriptor.TestMethodTestDescriptor.prepare(TestMethodTestDescriptor.java:66)
	at org.junit.platform.engine.support.hierarchical.NodeTestTask.lambda$prepare$2(NodeTestTask.java:123)
	at org.junit.platform.engine.support.hierarchical.ThrowableCollector.execute(ThrowableCollector.java:73)
	at org.junit.platform.engine.support.hierarchical.NodeTestTask.prepare(NodeTestTask.java:123)
	at org.junit.platform.engine.support.hierarchical.NodeTestTask.execute(NodeTestTask.java:90)
	at java.base/java.util.ArrayList.forEach(ArrayList.java:1541)
	at org.junit.platform.engine.support.hierarchical.SameThreadHierarchicalTestExecutorService.invokeAll(SameThreadHierarchicalTestExecutorService.java:41)
	at org.junit.platform.engine.support.hierarchical.NodeTestTask.lambda$executeRecursively$6(NodeTestTask.java:155)
	at org.junit.platform.engine.support.hierarchical.ThrowableCollector.execute(ThrowableCollector.java:73)
	at org.junit.platform.engine.support.hierarchical.NodeTestTask.lambda$executeRecursively$8(NodeTestTask.java:141)
	at org.junit.platform.engine.support.hierarchical.Node.around(Node.java:137)
	at org.junit.platform.engine.support.hierarchical.NodeTestTask.lambda$executeRecursively$9(NodeTestTask.java:139)
	at org.junit.platform.engine.support.hierarchical.ThrowableCollector.execute(ThrowableCollector.java:73)
	at org.junit.platform.engine.support.hierarchical.NodeTestTask.executeRecursively(NodeTestTask.java:138)
	at org.junit.platform.engine.support.hierarchical.NodeTestTask.execute(NodeTestTask.java:95)
	at java.base/java.util.ArrayList.forEach(ArrayList.java:1541)
	at org.junit.platform.engine.support.hierarchical.SameThreadHierarchicalTestExecutorService.invokeAll(SameThreadHierarchicalTestExecutorService.java:41)
	at org.junit.platform.engine.support.hierarchical.NodeTestTask.lambda$executeRecursively$6(NodeTestTask.java:155)
	at org.junit.platform.engine.support.hierarchical.ThrowableCollector.execute(ThrowableCollector.java:73)
	at org.junit.platform.engine.support.hierarchical.NodeTestTask.lambda$executeRecursively$8(NodeTestTask.java:141)
	at org.junit.platform.engine.support.hierarchical.Node.around(Node.java:137)
	at org.junit.platform.engine.support.hierarchical.NodeTestTask.lambda$executeRecursively$9(NodeTestTask.java:139)
	at org.junit.platform.engine.support.hierarchical.ThrowableCollector.execute(ThrowableCollector.java:73)
	at org.junit.platform.engine.support.hierarchical.NodeTestTask.executeRecursively(NodeTestTask.java:138)
	at org.junit.platform.engine.support.hierarchical.NodeTestTask.execute(NodeTestTask.java:95)
	at org.junit.platform.engine.support.hierarchical.SameThreadHierarchicalTestExecutorService.submit(SameThreadHierarchicalTestExecutorService.java:35)
	at org.junit.platform.engine.support.hierarchical.HierarchicalTestExecutor.execute(HierarchicalTestExecutor.java:57)
	at org.junit.platform.engine.support.hierarchical.HierarchicalTestEngine.execute(HierarchicalTestEngine.java:54)
	at org.junit.platform.launcher.core.EngineExecutionOrchestrator.execute(EngineExecutionOrchestrator.java:108)
	at org.junit.platform.launcher.core.EngineExecutionOrchestrator.execute(EngineExecutionOrchestrator.java:88)
	at org.junit.platform.launcher.core.EngineExecutionOrchestrator.lambda$execute$0(EngineExecutionOrchestrator.java:54)
	at org.junit.platform.launcher.core.EngineExecutionOrchestrator.withInterceptedStreams(EngineExecutionOrchestrator.java:67)
	at org.junit.platform.launcher.core.EngineExecutionOrchestrator.execute(EngineExecutionOrchestrator.java:52)
	at org.junit.platform.launcher.core.DefaultLauncher.execute(DefaultLauncher.java:96)
	at org.junit.platform.launcher.core.DefaultLauncher.execute(DefaultLauncher.java:75)
	at org.gradle.api.internal.tasks.testing.junitplatform.JUnitPlatformTestClassProcessor$CollectAllTestClassesExecutor.processAllTestClasses(JUnitPlatformTestClassProcessor.java:99)
	at org.gradle.api.internal.tasks.testing.junitplatform.JUnitPlatformTestClassProcessor$CollectAllTestClassesExecutor.access$000(JUnitPlatformTestClassProcessor.java:79)
	at org.gradle.api.internal.tasks.testing.junitplatform.JUnitPlatformTestClassProcessor.stop(JUnitPlatformTestClassProcessor.java:75)
	at org.gradle.api.internal.tasks.testing.SuiteTestClassProcessor.stop(SuiteTestClassProcessor.java:61)
	at java.base/jdk.internal.reflect.NativeMethodAccessorImpl.invoke0(Native Method)
	at java.base/jdk.internal.reflect.NativeMethodAccessorImpl.invoke(NativeMethodAccessorImpl.java:62)
	at java.base/jdk.internal.reflect.DelegatingMethodAccessorImpl.invoke(DelegatingMethodAccessorImpl.java:43)
	at java.base/java.lang.reflect.Method.invoke(Method.java:566)
	at org.gradle.internal.dispatch.ReflectionDispatch.dispatch(ReflectionDispatch.java:36)
	at org.gradle.internal.dispatch.ReflectionDispatch.dispatch(ReflectionDispatch.java:24)
	at org.gradle.internal.dispatch.ContextClassLoaderDispatch.dispatch(ContextClassLoaderDispatch.java:33)
	at org.gradle.internal.dispatch.ProxyDispatchAdapter$DispatchingInvocationHandler.invoke(ProxyDispatchAdapter.java:94)
	at com.sun.proxy.$Proxy2.stop(Unknown Source)
	at org.gradle.api.internal.tasks.testing.worker.TestWorker$3.run(TestWorker.java:193)
	at org.gradle.api.internal.tasks.testing.worker.TestWorker.executeAndMaintainThreadName(TestWorker.java:129)
	at org.gradle.api.internal.tasks.testing.worker.TestWorker.execute(TestWorker.java:100)
	at org.gradle.api.internal.tasks.testing.worker.TestWorker.execute(TestWorker.java:60)
	at org.gradle.process.internal.worker.child.ActionExecutionWorker.execute(ActionExecutionWorker.java:56)
	at org.gradle.process.internal.worker.child.SystemApplicationClassLoaderWorker.call(SystemApplicationClassLoaderWorker.java:133)
	at org.gradle.process.internal.worker.child.SystemApplicationClassLoaderWorker.call(SystemApplicationClassLoaderWorker.java:71)
	at worker.org.gradle.process.internal.worker.GradleWorkerMain.run(GradleWorkerMain.java:69)
	at worker.org.gradle.process.internal.worker.GradleWorkerMain.main(GradleWorkerMain.java:74)
Caused by: org.springframework.beans.factory.UnsatisfiedDependencyException: Error creating bean with name 'securityConfig' defined in file [C:\Users\laptop\Desktop\놀이방\camp\build\classes\java\main\couch\camping\config\SecurityConfig.class]: Unsatisfied dependency expressed through constructor parameter 0; nested exception is org.springframework.beans.factory.NoSuchBeanDefinitionException: No qualifying bean of type 'couch.camping.config.auth.AuthFilterContainer' available: expected at least 1 bean which qualifies as autowire candidate. Dependency annotations: {}
	at app//org.springframework.beans.factory.support.ConstructorResolver.createArgumentArray(ConstructorResolver.java:800)
	at app//org.springframework.beans.factory.support.ConstructorResolver.autowireConstructor(ConstructorResolver.java:229)
	at app//org.springframework.beans.factory.support.AbstractAutowireCapableBeanFactory.autowireConstructor(AbstractAutowireCapableBeanFactory.java:1372)
	at app//org.springframework.beans.factory.support.AbstractAutowireCapableBeanFactory.createBeanInstance(AbstractAutowireCapableBeanFactory.java:1222)
	at app//org.springframework.beans.factory.support.AbstractAutowireCapableBeanFactory.doCreateBean(AbstractAutowireCapableBeanFactory.java:582)
	at app//org.springframework.beans.factory.support.AbstractAutowireCapableBeanFactory.createBean(AbstractAutowireCapableBeanFactory.java:542)
	at app//org.springframework.beans.factory.support.AbstractBeanFactory.lambda$doGetBean$0(AbstractBeanFactory.java:335)
	at app//org.springframework.beans.factory.support.DefaultSingletonBeanRegistry.getSingleton(DefaultSingletonBeanRegistry.java:234)
	at app//org.springframework.beans.factory.support.AbstractBeanFactory.doGetBean(AbstractBeanFactory.java:333)
	at app//org.springframework.beans.factory.support.AbstractBeanFactory.getBean(AbstractBeanFactory.java:208)
	at app//org.springframework.beans.factory.support.DefaultListableBeanFactory.preInstantiateSingletons(DefaultListableBeanFactory.java:953)
	at app//org.springframework.context.support.AbstractApplicationContext.finishBeanFactoryInitialization(AbstractApplicationContext.java:918)
	at app//org.springframework.context.support.AbstractApplicationContext.refresh(AbstractApplicationContext.java:583)
	at app//org.springframework.boot.SpringApplication.refresh(SpringApplication.java:732)
	at app//org.springframework.boot.SpringApplication.refreshContext(SpringApplication.java:414)
	at app//org.springframework.boot.SpringApplication.run(SpringApplication.java:302)
	at app//org.springframework.boot.test.context.SpringBootContextLoader.loadContext(SpringBootContextLoader.java:136)
	at app//org.springframework.test.context.cache.DefaultCacheAwareContextLoaderDelegate.loadContextInternal(DefaultCacheAwareContextLoaderDelegate.java:99)
	at app//org.springframework.test.context.cache.DefaultCacheAwareContextLoaderDelegate.loadContext(DefaultCacheAwareContextLoaderDelegate.java:124)
	... 85 more
Caused by: org.springframework.beans.factory.NoSuchBeanDefinitionException: No qualifying bean of type 'couch.camping.config.auth.AuthFilterContainer' available: expected at least 1 bean which qualifies as autowire candidate. Dependency annotations: {}
	at app//org.springframework.beans.factory.support.DefaultListableBeanFactory.raiseNoMatchingBeanFound(DefaultListableBeanFactory.java:1799)
	at app//org.springframework.beans.factory.support.DefaultListableBeanFactory.doResolveDependency(DefaultListableBeanFactory.java:1355)
	at app//org.springframework.beans.factory.support.DefaultListableBeanFactory.resolveDependency(DefaultListableBeanFactory.java:1309)
	at app//org.springframework.beans.factory.support.ConstructorResolver.resolveAutowiredArgument(ConstructorResolver.java:887)
	at app//org.springframework.beans.factory.support.ConstructorResolver.createArgumentArray(ConstructorResolver.java:791)
	... 103 more
</pre>
</span>
</div>
</div>
<div id="tab1" class="tab">
<h2>Tests</h2>
<table>
<thead>
<tr>
<th>Test</th>
<th>Duration</th>
<th>Result</th>
</tr>
</thead>
<tr>
<td class="failures">jasypt_encrypt_decrypt_test()</td>
<td class="failures">0.003s</td>
<td class="failures">failed</td>
</tr>
</table>
</div>
<div id="tab2" class="tab">
<h2>Standard output</h2>
<span class="code">
<pre>04:47:06.753 [Test worker] DEBUG org.springframework.test.context.BootstrapUtils - Instantiating CacheAwareContextLoaderDelegate from class [org.springframework.test.context.cache.DefaultCacheAwareContextLoaderDelegate]
04:47:06.763 [Test worker] DEBUG org.springframework.test.context.BootstrapUtils - Instantiating BootstrapContext using constructor [public org.springframework.test.context.support.DefaultBootstrapContext(java.lang.Class,org.springframework.test.context.CacheAwareContextLoaderDelegate)]
04:47:06.802 [Test worker] DEBUG org.springframework.test.context.BootstrapUtils - Instantiating TestContextBootstrapper for test class [couch.camping.JasyptApplicationTests] from class [org.springframework.boot.test.context.SpringBootTestContextBootstrapper]
04:47:06.816 [Test worker] INFO org.springframework.boot.test.context.SpringBootTestContextBootstrapper - Neither @ContextConfiguration nor @ContextHierarchy found for test class [couch.camping.JasyptApplicationTests], using SpringBootContextLoader
04:47:06.822 [Test worker] DEBUG org.springframework.test.context.support.AbstractContextLoader - Did not detect default resource location for test class [couch.camping.JasyptApplicationTests]: class path resource [couch/camping/JasyptApplicationTests-context.xml] does not exist
04:47:06.823 [Test worker] DEBUG org.springframework.test.context.support.AbstractContextLoader - Did not detect default resource location for test class [couch.camping.JasyptApplicationTests]: class path resource [couch/camping/JasyptApplicationTestsContext.groovy] does not exist
04:47:06.823 [Test worker] INFO org.springframework.test.context.support.AbstractContextLoader - Could not detect default resource locations for test class [couch.camping.JasyptApplicationTests]: no resource found for suffixes {-context.xml, Context.groovy}.
04:47:06.824 [Test worker] INFO org.springframework.test.context.support.AnnotationConfigContextLoaderUtils - Could not detect default configuration classes for test class [couch.camping.JasyptApplicationTests]: JasyptApplicationTests does not declare any static, non-private, non-final, nested classes annotated with @Configuration.
04:47:06.882 [Test worker] DEBUG org.springframework.test.context.support.ActiveProfilesUtils - Could not find an 'annotation declaring class' for annotation type [org.springframework.test.context.ActiveProfiles] and class [couch.camping.JasyptApplicationTests]
04:47:06.976 [Test worker] DEBUG org.springframework.context.annotation.ClassPathScanningCandidateComponentProvider - Identified candidate component class: file [C:\Users\laptop\Desktop\놀이방\camp\build\classes\java\main\couch\camping\CampingApplication.class]
04:47:06.981 [Test worker] INFO org.springframework.boot.test.context.SpringBootTestContextBootstrapper - Found @SpringBootConfiguration couch.camping.CampingApplication for test class couch.camping.JasyptApplicationTests
04:47:07.151 [Test worker] DEBUG org.springframework.boot.test.context.SpringBootTestContextBootstrapper - @TestExecutionListeners is not present for class [couch.camping.JasyptApplicationTests]: using defaults.
04:47:07.151 [Test worker] INFO org.springframework.boot.test.context.SpringBootTestContextBootstrapper - Loaded default TestExecutionListener class names from location [META-INF/spring.factories]: [org.springframework.boot.test.autoconfigure.restdocs.RestDocsTestExecutionListener, org.springframework.boot.test.autoconfigure.web.client.MockRestServiceServerResetTestExecutionListener, org.springframework.boot.test.autoconfigure.web.servlet.MockMvcPrintOnlyOnFailureTestExecutionListener, org.springframework.boot.test.autoconfigure.web.servlet.WebDriverTestExecutionListener, org.springframework.boot.test.autoconfigure.webservices.client.MockWebServiceServerTestExecutionListener, org.springframework.boot.test.mock.mockito.MockitoTestExecutionListener, org.springframework.boot.test.mock.mockito.ResetMocksTestExecutionListener, org.springframework.test.context.web.ServletTestExecutionListener, org.springframework.test.context.support.DirtiesContextBeforeModesTestExecutionListener, org.springframework.test.context.event.ApplicationEventsTestExecutionListener, org.springframework.test.context.support.DependencyInjectionTestExecutionListener, org.springframework.test.context.support.DirtiesContextTestExecutionListener, org.springframework.test.context.transaction.TransactionalTestExecutionListener, org.springframework.test.context.jdbc.SqlScriptsTestExecutionListener, org.springframework.test.context.event.EventPublishingTestExecutionListener]
04:47:07.169 [Test worker] INFO org.springframework.boot.test.context.SpringBootTestContextBootstrapper - Using TestExecutionListeners: [org.springframework.test.context.web.ServletTestExecutionListener@1e8823d2, org.springframework.test.context.support.DirtiesContextBeforeModesTestExecutionListener@c1a4620, org.springframework.test.context.event.ApplicationEventsTestExecutionListener@76b0ae1b, org.springframework.boot.test.mock.mockito.MockitoTestExecutionListener@130a0f66, org.springframework.boot.test.autoconfigure.SpringBootDependencyInjectionTestExecutionListener@4c432866, org.springframework.test.context.support.DirtiesContextTestExecutionListener@12365c88, org.springframework.test.context.transaction.TransactionalTestExecutionListener@6105f8a3, org.springframework.test.context.jdbc.SqlScriptsTestExecutionListener@2237bada, org.springframework.test.context.event.EventPublishingTestExecutionListener@77e2a6e2, org.springframework.boot.test.autoconfigure.restdocs.RestDocsTestExecutionListener@5710768a, org.springframework.boot.test.autoconfigure.web.client.MockRestServiceServerResetTestExecutionListener@199e4c2b, org.springframework.boot.test.autoconfigure.web.servlet.MockMvcPrintOnlyOnFailureTestExecutionListener@6e0d4a8, org.springframework.boot.test.autoconfigure.web.servlet.WebDriverTestExecutionListener@64d7b720, org.springframework.boot.test.autoconfigure.webservices.client.MockWebServiceServerTestExecutionListener@30272916, org.springframework.boot.test.mock.mockito.ResetMocksTestExecutionListener@5bb3d42d]
04:47:07.173 [Test worker] DEBUG org.springframework.test.context.support.AbstractDirtiesContextTestExecutionListener - Before test class: context [DefaultTestContext@71b1a49c testClass = JasyptApplicationTests, testInstance = [null], testMethod = [null], testException = [null], mergedContextConfiguration = [WebMergedContextConfiguration@73e132e0 testClass = JasyptApplicationTests, locations = '{}', classes = '{class couch.camping.CampingApplication}', contextInitializerClasses = '[]', activeProfiles = '{}', propertySourceLocations = '{}', propertySourceProperties = '{org.springframework.boot.test.context.SpringBootTestContextBootstrapper=true}', contextCustomizers = set[org.springframework.boot.test.autoconfigure.actuate.metrics.MetricsExportContextCustomizerFactory$DisableMetricExportContextCustomizer@2dbe250d, org.springframework.boot.test.autoconfigure.properties.PropertyMappingContextCustomizer@0, org.springframework.boot.test.autoconfigure.web.servlet.WebDriverContextCustomizerFactory$Customizer@6b5894c8, org.springframework.boot.test.context.filter.ExcludeFilterContextCustomizer@5b64c4b7, org.springframework.boot.test.json.DuplicateJsonObjectContextCustomizerFactory$DuplicateJsonObjectContextCustomizer@61bcd567, org.springframework.boot.test.mock.mockito.MockitoContextCustomizer@0, org.springframework.boot.test.web.client.TestRestTemplateContextCustomizer@426b6a74, org.springframework.boot.test.context.SpringBootTestArgs@1, org.springframework.boot.test.context.SpringBootTestWebEnvironment@6e15fe2], resourceBasePath = 'src/main/webapp', contextLoader = 'org.springframework.boot.test.context.SpringBootContextLoader', parent = [null]], attributes = map['org.springframework.test.context.web.ServletTestExecutionListener.activateListener' -&gt; true]], class annotated with @DirtiesContext [false] with mode [null].

  .   ____          _            __ _ _
 /\\ / ___'_ __ _ _(_)_ __  __ _ \ \ \ \
( ( )\___ | '_ | '_| | '_ \/ _` | \ \ \ \
 \\/  ___)| |_)| | | | | || (_| |  ) ) ) )
  '  |____| .__|_| |_|_| |_\__, | / / / /
 =========|_|==============|___/=/_/_/_/
 :: Spring Boot ::                (v2.6.3)

2022-03-19 04:47:07.566  INFO 25096 --- [    Test worker] couch.camping.JasyptApplicationTests     : Starting JasyptApplicationTests using Java 11.0.13 on 장대영 with PID 25096 (started by laptop in C:\Users\laptop\Desktop\놀이방\camp)
2022-03-19 04:47:07.567  INFO 25096 --- [    Test worker] couch.camping.JasyptApplicationTests     : No active profile set, falling back to default profiles: default
2022-03-19 04:47:08.862  INFO 25096 --- [    Test worker] .s.d.r.c.RepositoryConfigurationDelegate : Bootstrapping Spring Data JPA repositories in DEFAULT mode.
2022-03-19 04:47:09.022  INFO 25096 --- [    Test worker] .s.d.r.c.RepositoryConfigurationDelegate : Finished Spring Data repository scanning in 148 ms. Found 11 JPA repository interfaces.
2022-03-19 04:47:09.426  INFO 25096 --- [    Test worker] ptablePropertiesBeanFactoryPostProcessor : Post-processing PropertySource instances
2022-03-19 04:47:09.454  INFO 25096 --- [    Test worker] c.u.j.EncryptablePropertySourceConverter : Converting PropertySource configurationProperties [org.springframework.boot.context.properties.source.ConfigurationPropertySourcesPropertySource] to AOP Proxy
2022-03-19 04:47:09.455  INFO 25096 --- [    Test worker] c.u.j.EncryptablePropertySourceConverter : Converting PropertySource test [org.springframework.core.env.MapPropertySource] to EncryptableMapPropertySourceWrapper
2022-03-19 04:47:09.456  INFO 25096 --- [    Test worker] c.u.j.EncryptablePropertySourceConverter : Converting PropertySource Inlined Test Properties [org.springframework.core.env.MapPropertySource] to EncryptableMapPropertySourceWrapper
2022-03-19 04:47:09.456  INFO 25096 --- [    Test worker] c.u.j.EncryptablePropertySourceConverter : Converting PropertySource servletConfigInitParams [org.springframework.core.env.PropertySource$StubPropertySource] to EncryptablePropertySourceWrapper
2022-03-19 04:47:09.457  INFO 25096 --- [    Test worker] c.u.j.EncryptablePropertySourceConverter : Converting PropertySource servletContextInitParams [org.springframework.web.context.support.ServletContextPropertySource] to EncryptableEnumerablePropertySourceWrapper
2022-03-19 04:47:09.457  INFO 25096 --- [    Test worker] c.u.j.EncryptablePropertySourceConverter : Converting PropertySource systemProperties [org.springframework.core.env.PropertiesPropertySource] to EncryptableMapPropertySourceWrapper
2022-03-19 04:47:09.457  INFO 25096 --- [    Test worker] c.u.j.EncryptablePropertySourceConverter : Converting PropertySource systemEnvironment [org.springframework.boot.env.SystemEnvironmentPropertySourceEnvironmentPostProcessor$OriginAwareSystemEnvironmentPropertySource] to EncryptableSystemEnvironmentPropertySourceWrapper
2022-03-19 04:47:09.457  INFO 25096 --- [    Test worker] c.u.j.EncryptablePropertySourceConverter : Converting PropertySource random [org.springframework.boot.env.RandomValuePropertySource] to EncryptablePropertySourceWrapper
2022-03-19 04:47:09.556  INFO 25096 --- [    Test worker] c.u.j.filter.DefaultLazyPropertyFilter   : Property Filter custom Bean not found with name 'encryptablePropertyFilter'. Initializing Default Property Filter
2022-03-19 04:47:09.977  INFO 25096 --- [    Test worker] com.zaxxer.hikari.HikariDataSource       : HikariPool-1 - Starting...
2022-03-19 04:47:10.166  INFO 25096 --- [    Test worker] com.zaxxer.hikari.HikariDataSource       : HikariPool-1 - Start completed.
2022-03-19 04:47:10.288  INFO 25096 --- [    Test worker] o.hibernate.jpa.internal.util.LogHelper  : HHH000204: Processing PersistenceUnitInfo [name: default]
2022-03-19 04:47:10.362  INFO 25096 --- [    Test worker] org.hibernate.Version                    : HHH000412: Hibernate ORM core version 5.6.4.Final
2022-03-19 04:47:10.565  INFO 25096 --- [    Test worker] o.hibernate.annotations.common.Version   : HCANN000001: Hibernate Commons Annotations {5.1.2.Final}
2022-03-19 04:47:10.717  INFO 25096 --- [    Test worker] org.hibernate.dialect.Dialect            : HHH000400: Using dialect: org.hibernate.dialect.H2Dialect
2022-03-19 04:47:11.681  INFO 25096 --- [    Test worker] p6spy                                    : #1647632831681 | took 0ms | statement | connection 2| url jdbc:h2:mem:e382d089-b3c8-4e7f-bd8a-d6da4c1a0943
drop table if exists camp CASCADE 
drop table if exists camp CASCADE ;
2022-03-19 04:47:11.681  INFO 25096 --- [    Test worker] p6spy                                    : #1647632831681 | took 0ms | statement | connection 2| url jdbc:h2:mem:e382d089-b3c8-4e7f-bd8a-d6da4c1a0943
drop table if exists camp_like CASCADE 
drop table if exists camp_like CASCADE ;
2022-03-19 04:47:11.681  INFO 25096 --- [    Test worker] p6spy                                    : #1647632831681 | took 0ms | statement | connection 2| url jdbc:h2:mem:e382d089-b3c8-4e7f-bd8a-d6da4c1a0943
drop table if exists comment CASCADE 
drop table if exists comment CASCADE ;
2022-03-19 04:47:11.682  INFO 25096 --- [    Test worker] p6spy                                    : #1647632831682 | took 0ms | statement | connection 2| url jdbc:h2:mem:e382d089-b3c8-4e7f-bd8a-d6da4c1a0943
drop table if exists comment_like CASCADE 
drop table if exists comment_like CASCADE ;
2022-03-19 04:47:11.682  INFO 25096 --- [    Test worker] p6spy                                    : #1647632831682 | took 0ms | statement | connection 2| url jdbc:h2:mem:e382d089-b3c8-4e7f-bd8a-d6da4c1a0943
drop table if exists member CASCADE 
drop table if exists member CASCADE ;
2022-03-19 04:47:11.682  INFO 25096 --- [    Test worker] p6spy                                    : #1647632831682 | took 0ms | statement | connection 2| url jdbc:h2:mem:e382d089-b3c8-4e7f-bd8a-d6da4c1a0943
drop table if exists notification CASCADE 
drop table if exists notification CASCADE ;
2022-03-19 04:47:11.682  INFO 25096 --- [    Test worker] p6spy                                    : #1647632831682 | took 0ms | statement | connection 2| url jdbc:h2:mem:e382d089-b3c8-4e7f-bd8a-d6da4c1a0943
drop table if exists post CASCADE 
drop table if exists post CASCADE ;
2022-03-19 04:47:11.683  INFO 25096 --- [    Test worker] p6spy                                    : #1647632831683 | took 0ms | statement | connection 2| url jdbc:h2:mem:e382d089-b3c8-4e7f-bd8a-d6da4c1a0943
drop table if exists post_image CASCADE 
drop table if exists post_image CASCADE ;
2022-03-19 04:47:11.683  INFO 25096 --- [    Test worker] p6spy                                    : #1647632831683 | took 0ms | statement | connection 2| url jdbc:h2:mem:e382d089-b3c8-4e7f-bd8a-d6da4c1a0943
drop table if exists post_like CASCADE 
drop table if exists post_like CASCADE ;
2022-03-19 04:47:11.683  INFO 25096 --- [    Test worker] p6spy                                    : #1647632831683 | took 0ms | statement | connection 2| url jdbc:h2:mem:e382d089-b3c8-4e7f-bd8a-d6da4c1a0943
drop table if exists review CASCADE 
drop table if exists review CASCADE ;
2022-03-19 04:47:11.683  INFO 25096 --- [    Test worker] p6spy                                    : #1647632831683 | took 0ms | statement | connection 2| url jdbc:h2:mem:e382d089-b3c8-4e7f-bd8a-d6da4c1a0943
drop table if exists review_like CASCADE 
drop table if exists review_like CASCADE ;
2022-03-19 04:47:11.683  INFO 25096 --- [    Test worker] p6spy                                    : #1647632831683 | took 0ms | statement | connection 2| url jdbc:h2:mem:e382d089-b3c8-4e7f-bd8a-d6da4c1a0943
drop sequence if exists hibernate_sequence
drop sequence if exists hibernate_sequence;
2022-03-19 04:47:11.687  INFO 25096 --- [    Test worker] p6spy                                    : #1647632831687 | took 1ms | statement | connection 3| url jdbc:h2:mem:e382d089-b3c8-4e7f-bd8a-d6da4c1a0943
create sequence hibernate_sequence start with 1 increment by 1
create sequence hibernate_sequence start with 1 increment by 1;
2022-03-19 04:47:11.693  INFO 25096 --- [    Test worker] p6spy                                    : #1647632831693 | took 4ms | statement | connection 3| url jdbc:h2:mem:e382d089-b3c8-4e7f-bd8a-d6da4c1a0943
create table camp (camp_id bigint not null, addr1 varchar(255), animal_cmg_cl varchar(255), auto_site_co integer not null, avg_rate float not null, brazier_cl varchar(255), carav_acmpny_at varchar(255), carav_inner_fclty varchar(255), carav_site_co integer not null, direction clob, do_nm varchar(255), eqpmn_lend_cl varchar(255), extshr_co integer not null, faclt_nm varchar(255), feature_nm clob, fire_sensor_co integer not null, first_image_url varchar(255), glamp_inner_fclty varchar(255), glamp_site_co integer not null, homepage varchar(255), induty varchar(255), indvdl_carav_site_co integer not null, intro clob, lct_cl varchar(255), like_cnt integer not null, line_intro varchar(255), mapx float not null, mapy float not null, oper_de_cl varchar(255), oper_pd_cl varchar(255), posbl_fclty_cl varchar(255), posbl_fclty_etc varchar(255), resve_cl varchar(255), resve_url clob, review_cnt integer not null, sbrs_cl varchar(255), sbrs_etc varchar(255), sigungu_nm varchar(255), sited_stnc integer not null, swrm_co integer not null, tel varchar(255), thema_envrn_cl varchar(255), toilet_co integer not null, tour_era_cl varchar(255), trler_acmpny_at varchar(255), wtrpl_co integer not null, primary key (camp_id))
create table camp (camp_id bigint not null, addr1 varchar(255), animal_cmg_cl varchar(255), auto_site_co integer not null, avg_rate float not null, brazier_cl varchar(255), carav_acmpny_at varchar(255), carav_inner_fclty varchar(255), carav_site_co integer not null, direction clob, do_nm varchar(255), eqpmn_lend_cl varchar(255), extshr_co integer not null, faclt_nm varchar(255), feature_nm clob, fire_sensor_co integer not null, first_image_url varchar(255), glamp_inner_fclty varchar(255), glamp_site_co integer not null, homepage varchar(255), induty varchar(255), indvdl_carav_site_co integer not null, intro clob, lct_cl varchar(255), like_cnt integer not null, line_intro varchar(255), mapx float not null, mapy float not null, oper_de_cl varchar(255), oper_pd_cl varchar(255), posbl_fclty_cl varchar(255), posbl_fclty_etc varchar(255), resve_cl varchar(255), resve_url clob, review_cnt integer not null, sbrs_cl varchar(255), sbrs_etc varchar(255), sigungu_nm varchar(255), sited_stnc integer not null, swrm_co integer not null, tel varchar(255), thema_envrn_cl varchar(255), toilet_co integer not null, tour_era_cl varchar(255), trler_acmpny_at varchar(255), wtrpl_co integer not null, primary key (camp_id));
2022-03-19 04:47:11.694  INFO 25096 --- [    Test worker] p6spy                                    : #1647632831694 | took 0ms | statement | connection 3| url jdbc:h2:mem:e382d089-b3c8-4e7f-bd8a-d6da4c1a0943
create table camp_like (camp_like_id bigint not null, created_date timestamp, last_modified_date timestamp, camp_id bigint, member_id bigint, primary key (camp_like_id))
create table camp_like (camp_like_id bigint not null, created_date timestamp, last_modified_date timestamp, camp_id bigint, member_id bigint, primary key (camp_like_id));
2022-03-19 04:47:11.695  INFO 25096 --- [    Test worker] p6spy                                    : #1647632831695 | took 0ms | statement | connection 3| url jdbc:h2:mem:e382d089-b3c8-4e7f-bd8a-d6da4c1a0943
create table comment (comment_id bigint not null, created_date timestamp, last_modified_date timestamp, created_by varchar(255), last_modified_by varchar(255), content clob, like_cnt integer not null, member_id bigint, post_id bigint, primary key (comment_id))
create table comment (comment_id bigint not null, created_date timestamp, last_modified_date timestamp, created_by varchar(255), last_modified_by varchar(255), content clob, like_cnt integer not null, member_id bigint, post_id bigint, primary key (comment_id));
2022-03-19 04:47:11.695  INFO 25096 --- [    Test worker] p6spy                                    : #1647632831695 | took 0ms | statement | connection 3| url jdbc:h2:mem:e382d089-b3c8-4e7f-bd8a-d6da4c1a0943
create table comment_like (comment_like_id bigint not null, comment_id bigint, member_id bigint, primary key (comment_like_id))
create table comment_like (comment_like_id bigint not null, comment_id bigint, member_id bigint, primary key (comment_like_id));
2022-03-19 04:47:11.696  INFO 25096 --- [    Test worker] p6spy                                    : #1647632831696 | took 0ms | statement | connection 3| url jdbc:h2:mem:e382d089-b3c8-4e7f-bd8a-d6da4c1a0943
create table member (member_id bigint not null, created_date timestamp, last_modified_date timestamp, email varchar(255), img_url varchar(255), name varchar(255), nickname varchar(255), uid clob, primary key (member_id))
create table member (member_id bigint not null, created_date timestamp, last_modified_date timestamp, email varchar(255), img_url varchar(255), name varchar(255), nickname varchar(255), uid clob, primary key (member_id));
2022-03-19 04:47:11.697  INFO 25096 --- [    Test worker] p6spy                                    : #1647632831697 | took 0ms | statement | connection 3| url jdbc:h2:mem:e382d089-b3c8-4e7f-bd8a-d6da4c1a0943
create table notification (notification_id bigint not null, created_date timestamp, last_modified_date timestamp, is_checked boolean not null, member1_id bigint, member2_id bigint, review_id bigint, primary key (notification_id))
create table notification (notification_id bigint not null, created_date timestamp, last_modified_date timestamp, is_checked boolean not null, member1_id bigint, member2_id bigint, review_id bigint, primary key (notification_id));
2022-03-19 04:47:11.698  INFO 25096 --- [    Test worker] p6spy                                    : #1647632831698 | took 0ms | statement | connection 3| url jdbc:h2:mem:e382d089-b3c8-4e7f-bd8a-d6da4c1a0943
create table post (post_id bigint not null, created_date timestamp, last_modified_date timestamp, created_by varchar(255), last_modified_by varchar(255), comment_cnt integer not null, content clob, like_cnt integer not null, post_type varchar(255), title varchar(255), member_id bigint, primary key (post_id))
create table post (post_id bigint not null, created_date timestamp, last_modified_date timestamp, created_by varchar(255), last_modified_by varchar(255), comment_cnt integer not null, content clob, like_cnt integer not null, post_type varchar(255), title varchar(255), member_id bigint, primary key (post_id));
2022-03-19 04:47:11.698  INFO 25096 --- [    Test worker] p6spy                                    : #1647632831698 | took 0ms | statement | connection 3| url jdbc:h2:mem:e382d089-b3c8-4e7f-bd8a-d6da4c1a0943
create table post_image (post_image_id bigint not null, created_date timestamp, last_modified_date timestamp, created_by varchar(255), last_modified_by varchar(255), img_url varchar(255), member_id bigint, post_id bigint, primary key (post_image_id))
create table post_image (post_image_id bigint not null, created_date timestamp, last_modified_date timestamp, created_by varchar(255), last_modified_by varchar(255), img_url varchar(255), member_id bigint, post_id bigint, primary key (post_image_id));
2022-03-19 04:47:11.700  INFO 25096 --- [    Test worker] p6spy                                    : #1647632831700 | took 0ms | statement | connection 3| url jdbc:h2:mem:e382d089-b3c8-4e7f-bd8a-d6da4c1a0943
create table post_like (post_like_id bigint not null, member_id bigint, post_id bigint, primary key (post_like_id))
create table post_like (post_like_id bigint not null, member_id bigint, post_id bigint, primary key (post_like_id));
2022-03-19 04:47:11.701  INFO 25096 --- [    Test worker] p6spy                                    : #1647632831701 | took 0ms | statement | connection 3| url jdbc:h2:mem:e382d089-b3c8-4e7f-bd8a-d6da4c1a0943
create table review (review_id bigint not null, created_date timestamp, last_modified_date timestamp, created_by varchar(255), last_modified_by varchar(255), content clob, img_url varchar(255), like_cnt integer not null, rate integer not null, camp_id bigint, member_id bigint, primary key (review_id))
create table review (review_id bigint not null, created_date timestamp, last_modified_date timestamp, created_by varchar(255), last_modified_by varchar(255), content clob, img_url varchar(255), like_cnt integer not null, rate integer not null, camp_id bigint, member_id bigint, primary key (review_id));
2022-03-19 04:47:11.702  INFO 25096 --- [    Test worker] p6spy                                    : #1647632831702 | took 0ms | statement | connection 3| url jdbc:h2:mem:e382d089-b3c8-4e7f-bd8a-d6da4c1a0943
create table review_like (review_like_id bigint not null, created_date timestamp, last_modified_date timestamp, member_id bigint, review_id bigint, primary key (review_like_id))
create table review_like (review_like_id bigint not null, created_date timestamp, last_modified_date timestamp, member_id bigint, review_id bigint, primary key (review_like_id));
2022-03-19 04:47:11.708  INFO 25096 --- [    Test worker] p6spy                                    : #1647632831708 | took 6ms | statement | connection 3| url jdbc:h2:mem:e382d089-b3c8-4e7f-bd8a-d6da4c1a0943
alter table camp_like add constraint FK2e3jlwne6pvuwt1wor164em7s foreign key (camp_id) references camp
alter table camp_like add constraint FK2e3jlwne6pvuwt1wor164em7s foreign key (camp_id) references camp;
2022-03-19 04:47:11.710  INFO 25096 --- [    Test worker] p6spy                                    : #1647632831710 | took 1ms | statement | connection 3| url jdbc:h2:mem:e382d089-b3c8-4e7f-bd8a-d6da4c1a0943
alter table camp_like add constraint FKd5qweo0cotgrs51t252l29hf3 foreign key (member_id) references member
alter table camp_like add constraint FKd5qweo0cotgrs51t252l29hf3 foreign key (member_id) references member;
2022-03-19 04:47:11.711  INFO 25096 --- [    Test worker] p6spy                                    : #1647632831711 | took 1ms | statement | connection 3| url jdbc:h2:mem:e382d089-b3c8-4e7f-bd8a-d6da4c1a0943
alter table comment add constraint FKmrrrpi513ssu63i2783jyiv9m foreign key (member_id) references member
alter table comment add constraint FKmrrrpi513ssu63i2783jyiv9m foreign key (member_id) references member;
2022-03-19 04:47:11.712  INFO 25096 --- [    Test worker] p6spy                                    : #1647632831712 | took 0ms | statement | connection 3| url jdbc:h2:mem:e382d089-b3c8-4e7f-bd8a-d6da4c1a0943
alter table comment add constraint FKs1slvnkuemjsq2kj4h3vhx7i1 foreign key (post_id) references post
alter table comment add constraint FKs1slvnkuemjsq2kj4h3vhx7i1 foreign key (post_id) references post;
2022-03-19 04:47:11.713  INFO 25096 --- [    Test worker] p6spy                                    : #1647632831713 | took 0ms | statement | connection 3| url jdbc:h2:mem:e382d089-b3c8-4e7f-bd8a-d6da4c1a0943
alter table comment_like add constraint FKqlv8phl1ibeh0efv4dbn3720p foreign key (comment_id) references comment
alter table comment_like add constraint FKqlv8phl1ibeh0efv4dbn3720p foreign key (comment_id) references comment;
2022-03-19 04:47:11.715  INFO 25096 --- [    Test worker] p6spy                                    : #1647632831715 | took 1ms | statement | connection 3| url jdbc:h2:mem:e382d089-b3c8-4e7f-bd8a-d6da4c1a0943
alter table comment_like add constraint FKjtrao5djvpcj49cxcmbenif3g foreign key (member_id) references member
alter table comment_like add constraint FKjtrao5djvpcj49cxcmbenif3g foreign key (member_id) references member;
2022-03-19 04:47:11.717  INFO 25096 --- [    Test worker] p6spy                                    : #1647632831717 | took 1ms | statement | connection 3| url jdbc:h2:mem:e382d089-b3c8-4e7f-bd8a-d6da4c1a0943
alter table notification add constraint FKc8trr77lcpei8dsmv9ggu63wh foreign key (member1_id) references member
alter table notification add constraint FKc8trr77lcpei8dsmv9ggu63wh foreign key (member1_id) references member;
2022-03-19 04:47:11.718  INFO 25096 --- [    Test worker] p6spy                                    : #1647632831718 | took 1ms | statement | connection 3| url jdbc:h2:mem:e382d089-b3c8-4e7f-bd8a-d6da4c1a0943
alter table notification add constraint FKo5ri0lwxru94nidltxf6v4wnx foreign key (member2_id) references member
alter table notification add constraint FKo5ri0lwxru94nidltxf6v4wnx foreign key (member2_id) references member;
2022-03-19 04:47:11.720  INFO 25096 --- [    Test worker] p6spy                                    : #1647632831720 | took 1ms | statement | connection 3| url jdbc:h2:mem:e382d089-b3c8-4e7f-bd8a-d6da4c1a0943
alter table notification add constraint FKnsuct0iyienbkb1klqxddkxer foreign key (review_id) references review
alter table notification add constraint FKnsuct0iyienbkb1klqxddkxer foreign key (review_id) references review;
2022-03-19 04:47:11.722  INFO 25096 --- [    Test worker] p6spy                                    : #1647632831722 | took 1ms | statement | connection 3| url jdbc:h2:mem:e382d089-b3c8-4e7f-bd8a-d6da4c1a0943
alter table post add constraint FK83s99f4kx8oiqm3ro0sasmpww foreign key (member_id) references member
alter table post add constraint FK83s99f4kx8oiqm3ro0sasmpww foreign key (member_id) references member;
2022-03-19 04:47:11.723  INFO 25096 --- [    Test worker] p6spy                                    : #1647632831723 | took 1ms | statement | connection 3| url jdbc:h2:mem:e382d089-b3c8-4e7f-bd8a-d6da4c1a0943
alter table post_image add constraint FK312qdpdhyb6s9nafjf05b38vl foreign key (member_id) references member
alter table post_image add constraint FK312qdpdhyb6s9nafjf05b38vl foreign key (member_id) references member;
2022-03-19 04:47:11.724  INFO 25096 --- [    Test worker] p6spy                                    : #1647632831724 | took 1ms | statement | connection 3| url jdbc:h2:mem:e382d089-b3c8-4e7f-bd8a-d6da4c1a0943
alter table post_image add constraint FKsip7qv57jw2fw50g97t16nrjr foreign key (post_id) references post
alter table post_image add constraint FKsip7qv57jw2fw50g97t16nrjr foreign key (post_id) references post;
2022-03-19 04:47:11.725  INFO 25096 --- [    Test worker] p6spy                                    : #1647632831725 | took 0ms | statement | connection 3| url jdbc:h2:mem:e382d089-b3c8-4e7f-bd8a-d6da4c1a0943
alter table post_like add constraint FKqjxwr6kkv6pw2e4pwy4yktxyk foreign key (member_id) references member
alter table post_like add constraint FKqjxwr6kkv6pw2e4pwy4yktxyk foreign key (member_id) references member;
2022-03-19 04:47:11.727  INFO 25096 --- [    Test worker] p6spy                                    : #1647632831727 | took 1ms | statement | connection 3| url jdbc:h2:mem:e382d089-b3c8-4e7f-bd8a-d6da4c1a0943
alter table post_like add constraint FKj7iy0k7n3d0vkh8o7ibjna884 foreign key (post_id) references post
alter table post_like add constraint FKj7iy0k7n3d0vkh8o7ibjna884 foreign key (post_id) references post;
2022-03-19 04:47:11.728  INFO 25096 --- [    Test worker] p6spy                                    : #1647632831728 | took 1ms | statement | connection 3| url jdbc:h2:mem:e382d089-b3c8-4e7f-bd8a-d6da4c1a0943
alter table review add constraint FKmvtpegahmo333jcnmq7oey44o foreign key (camp_id) references camp
alter table review add constraint FKmvtpegahmo333jcnmq7oey44o foreign key (camp_id) references camp;
2022-03-19 04:47:11.730  INFO 25096 --- [    Test worker] p6spy                                    : #1647632831730 | took 1ms | statement | connection 3| url jdbc:h2:mem:e382d089-b3c8-4e7f-bd8a-d6da4c1a0943
alter table review add constraint FKk0ccx5i4ci2wd70vegug074w1 foreign key (member_id) references member
alter table review add constraint FKk0ccx5i4ci2wd70vegug074w1 foreign key (member_id) references member;
2022-03-19 04:47:11.732  INFO 25096 --- [    Test worker] p6spy                                    : #1647632831732 | took 1ms | statement | connection 3| url jdbc:h2:mem:e382d089-b3c8-4e7f-bd8a-d6da4c1a0943
alter table review_like add constraint FKf19ep4u0vm5vietilw2kp9jo2 foreign key (member_id) references member
alter table review_like add constraint FKf19ep4u0vm5vietilw2kp9jo2 foreign key (member_id) references member;
2022-03-19 04:47:11.733  INFO 25096 --- [    Test worker] p6spy                                    : #1647632831733 | took 1ms | statement | connection 3| url jdbc:h2:mem:e382d089-b3c8-4e7f-bd8a-d6da4c1a0943
alter table review_like add constraint FK68am9vk1s1e8n1v873meqkk0k foreign key (review_id) references review
alter table review_like add constraint FK68am9vk1s1e8n1v873meqkk0k foreign key (review_id) references review;
2022-03-19 04:47:11.736  INFO 25096 --- [    Test worker] o.h.e.t.j.p.i.JtaPlatformInitiator       : HHH000490: Using JtaPlatform implementation: [org.hibernate.engine.transaction.jta.platform.internal.NoJtaPlatform]
2022-03-19 04:47:11.746  INFO 25096 --- [    Test worker] j.LocalContainerEntityManagerFactoryBean : Initialized JPA EntityManagerFactory for persistence unit 'default'
2022-03-19 04:47:11.770  WARN 25096 --- [    Test worker] o.s.w.c.s.GenericWebApplicationContext   : Exception encountered during context initialization - cancelling refresh attempt: org.springframework.beans.factory.UnsatisfiedDependencyException: Error creating bean with name 'securityConfig' defined in file [C:\Users\laptop\Desktop\놀이방\camp\build\classes\java\main\couch\camping\config\SecurityConfig.class]: Unsatisfied dependency expressed through constructor parameter 0; nested exception is org.springframework.beans.factory.NoSuchBeanDefinitionException: No qualifying bean of type 'couch.camping.config.auth.AuthFilterContainer' available: expected at least 1 bean which qualifies as autowire candidate. Dependency annotations: {}
2022-03-19 04:47:11.770  INFO 25096 --- [    Test worker] j.LocalContainerEntityManagerFactoryBean : Closing JPA EntityManagerFactory for persistence unit 'default'
2022-03-19 04:47:11.770  INFO 25096 --- [    Test worker] .SchemaDropperImpl$DelayedDropActionImpl : HHH000477: Starting delayed evictData of schema as part of SessionFactory shut-down'
2022-03-19 04:47:11.774  INFO 25096 --- [    Test worker] p6spy                                    : #1647632831774 | took 2ms | statement | connection 4| url jdbc:h2:mem:e382d089-b3c8-4e7f-bd8a-d6da4c1a0943
drop table if exists camp CASCADE 
drop table if exists camp CASCADE ;
2022-03-19 04:47:11.775  INFO 25096 --- [    Test worker] p6spy                                    : #1647632831775 | took 0ms | statement | connection 4| url jdbc:h2:mem:e382d089-b3c8-4e7f-bd8a-d6da4c1a0943
drop table if exists camp_like CASCADE 
drop table if exists camp_like CASCADE ;
2022-03-19 04:47:11.777  INFO 25096 --- [    Test worker] p6spy                                    : #1647632831777 | took 1ms | statement | connection 4| url jdbc:h2:mem:e382d089-b3c8-4e7f-bd8a-d6da4c1a0943
drop table if exists comment CASCADE 
drop table if exists comment CASCADE ;
2022-03-19 04:47:11.778  INFO 25096 --- [    Test worker] p6spy                                    : #1647632831778 | took 0ms | statement | connection 4| url jdbc:h2:mem:e382d089-b3c8-4e7f-bd8a-d6da4c1a0943
drop table if exists comment_like CASCADE 
drop table if exists comment_like CASCADE ;
2022-03-19 04:47:11.782  INFO 25096 --- [    Test worker] p6spy                                    : #1647632831781 | took 2ms | statement | connection 4| url jdbc:h2:mem:e382d089-b3c8-4e7f-bd8a-d6da4c1a0943
drop table if exists member CASCADE 
drop table if exists member CASCADE ;
2022-03-19 04:47:11.782  INFO 25096 --- [    Test worker] p6spy                                    : #1647632831782 | took 0ms | statement | connection 4| url jdbc:h2:mem:e382d089-b3c8-4e7f-bd8a-d6da4c1a0943
drop table if exists notification CASCADE 
drop table if exists notification CASCADE ;
2022-03-19 04:47:11.783  INFO 25096 --- [    Test worker] p6spy                                    : #1647632831783 | took 0ms | statement | connection 4| url jdbc:h2:mem:e382d089-b3c8-4e7f-bd8a-d6da4c1a0943
drop table if exists post CASCADE 
drop table if exists post CASCADE ;
2022-03-19 04:47:11.784  INFO 25096 --- [    Test worker] p6spy                                    : #1647632831784 | took 0ms | statement | connection 4| url jdbc:h2:mem:e382d089-b3c8-4e7f-bd8a-d6da4c1a0943
drop table if exists post_image CASCADE 
drop table if exists post_image CASCADE ;
2022-03-19 04:47:11.784  INFO 25096 --- [    Test worker] p6spy                                    : #1647632831784 | took 0ms | statement | connection 4| url jdbc:h2:mem:e382d089-b3c8-4e7f-bd8a-d6da4c1a0943
drop table if exists post_like CASCADE 
drop table if exists post_like CASCADE ;
2022-03-19 04:47:11.786  INFO 25096 --- [    Test worker] p6spy                                    : #1647632831786 | took 0ms | statement | connection 4| url jdbc:h2:mem:e382d089-b3c8-4e7f-bd8a-d6da4c1a0943
drop table if exists review CASCADE 
drop table if exists review CASCADE ;
2022-03-19 04:47:11.786  INFO 25096 --- [    Test worker] p6spy                                    : #1647632831786 | took 0ms | statement | connection 4| url jdbc:h2:mem:e382d089-b3c8-4e7f-bd8a-d6da4c1a0943
drop table if exists review_like CASCADE 
drop table if exists review_like CASCADE ;
2022-03-19 04:47:11.787  INFO 25096 --- [    Test worker] p6spy                                    : #1647632831787 | took 0ms | statement | connection 4| url jdbc:h2:mem:e382d089-b3c8-4e7f-bd8a-d6da4c1a0943
drop sequence if exists hibernate_sequence
drop sequence if exists hibernate_sequence;
2022-03-19 04:47:11.790  INFO 25096 --- [    Test worker] com.zaxxer.hikari.HikariDataSource       : HikariPool-1 - Shutdown initiated...
2022-03-19 04:47:11.794  INFO 25096 --- [    Test worker] com.zaxxer.hikari.HikariDataSource       : HikariPool-1 - Shutdown completed.
2022-03-19 04:47:11.802  INFO 25096 --- [    Test worker] ConditionEvaluationReportLoggingListener : 

Error starting ApplicationContext. To display the conditions report re-run your application with 'debug' enabled.
2022-03-19 04:47:11.826 ERROR 25096 --- [    Test worker] o.s.b.d.LoggingFailureAnalysisReporter   : 

***************************
APPLICATION FAILED TO START
***************************

Description:

Parameter 0 of constructor in couch.camping.config.SecurityConfig required a bean of type 'couch.camping.config.auth.AuthFilterContainer' that could not be found.


Action:

Consider defining a bean of type 'couch.camping.config.auth.AuthFilterContainer' in your configuration.

2022-03-19 04:47:11.839 ERROR 25096 --- [    Test worker] o.s.test.context.TestContextManager      : Caught exception while allowing TestExecutionListener [org.springframework.test.context.web.ServletTestExecutionListener@1e8823d2] to prepare test instance [couch.camping.JasyptApplicationTests@7fb28ed]

java.lang.IllegalStateException: Failed to load ApplicationContext
	at org.springframework.test.context.cache.DefaultCacheAwareContextLoaderDelegate.loadContext(DefaultCacheAwareContextLoaderDelegate.java:132) ~[spring-test-5.3.15.jar:5.3.15]
	at org.springframework.test.context.support.DefaultTestContext.getApplicationContext(DefaultTestContext.java:124) ~[spring-test-5.3.15.jar:5.3.15]
	at org.springframework.test.context.web.ServletTestExecutionListener.setUpRequestContextIfNecessary(ServletTestExecutionListener.java:190) ~[spring-test-5.3.15.jar:5.3.15]
	at org.springframework.test.context.web.ServletTestExecutionListener.prepareTestInstance(ServletTestExecutionListener.java:132) ~[spring-test-5.3.15.jar:5.3.15]
	at org.springframework.test.context.TestContextManager.prepareTestInstance(TestContextManager.java:248) ~[spring-test-5.3.15.jar:5.3.15]
	at org.springframework.test.context.junit.jupiter.SpringExtension.postProcessTestInstance(SpringExtension.java:138) ~[spring-test-5.3.15.jar:5.3.15]
	at org.junit.jupiter.engine.descriptor.ClassBasedTestDescriptor.lambda$invokeTestInstancePostProcessors$8(ClassBasedTestDescriptor.java:363) ~[junit-jupiter-engine-5.8.2.jar:5.8.2]
	at org.junit.jupiter.engine.descriptor.ClassBasedTestDescriptor.executeAndMaskThrowable(ClassBasedTestDescriptor.java:368) ~[junit-jupiter-engine-5.8.2.jar:5.8.2]
	at org.junit.jupiter.engine.descriptor.ClassBasedTestDescriptor.lambda$invokeTestInstancePostProcessors$9(ClassBasedTestDescriptor.java:363) ~[junit-jupiter-engine-5.8.2.jar:5.8.2]
	at java.base/java.util.stream.ReferencePipeline$3$1.accept(ReferencePipeline.java:195) ~[na:na]
	at java.base/java.util.stream.ReferencePipeline$2$1.accept(ReferencePipeline.java:177) ~[na:na]
	at java.base/java.util.ArrayList$ArrayListSpliterator.forEachRemaining(ArrayList.java:1655) ~[na:na]
	at java.base/java.util.stream.AbstractPipeline.copyInto(AbstractPipeline.java:484) ~[na:na]
	at java.base/java.util.stream.AbstractPipeline.wrapAndCopyInto(AbstractPipeline.java:474) ~[na:na]
	at java.base/java.util.stream.StreamSpliterators$WrappingSpliterator.forEachRemaining(StreamSpliterators.java:312) ~[na:na]
	at java.base/java.util.stream.Streams$ConcatSpliterator.forEachRemaining(Streams.java:735) ~[na:na]
	at java.base/java.util.stream.Streams$ConcatSpliterator.forEachRemaining(Streams.java:734) ~[na:na]
	at java.base/java.util.stream.ReferencePipeline$Head.forEach(ReferencePipeline.java:658) ~[na:na]
	at org.junit.jupiter.engine.descriptor.ClassBasedTestDescriptor.invokeTestInstancePostProcessors(ClassBasedTestDescriptor.java:362) ~[junit-jupiter-engine-5.8.2.jar:5.8.2]
	at org.junit.jupiter.engine.descriptor.ClassBasedTestDescriptor.lambda$instantiateAndPostProcessTestInstance$6(ClassBasedTestDescriptor.java:283) ~[junit-jupiter-engine-5.8.2.jar:5.8.2]
	at org.junit.platform.engine.support.hierarchical.ThrowableCollector.execute(ThrowableCollector.java:73) ~[junit-platform-engine-1.8.2.jar:1.8.2]
	at org.junit.jupiter.engine.descriptor.ClassBasedTestDescriptor.instantiateAndPostProcessTestInstance(ClassBasedTestDescriptor.java:282) ~[junit-jupiter-engine-5.8.2.jar:5.8.2]
	at org.junit.jupiter.engine.descriptor.ClassBasedTestDescriptor.lambda$testInstancesProvider$4(ClassBasedTestDescriptor.java:272) ~[junit-jupiter-engine-5.8.2.jar:5.8.2]
	at java.base/java.util.Optional.orElseGet(Optional.java:369) ~[na:na]
	at org.junit.jupiter.engine.descriptor.ClassBasedTestDescriptor.lambda$testInstancesProvider$5(ClassBasedTestDescriptor.java:271) ~[junit-jupiter-engine-5.8.2.jar:5.8.2]
	at org.junit.jupiter.engine.execution.TestInstancesProvider.getTestInstances(TestInstancesProvider.java:31) ~[junit-jupiter-engine-5.8.2.jar:5.8.2]
	at org.junit.jupiter.engine.descriptor.TestMethodTestDescriptor.lambda$prepare$0(TestMethodTestDescriptor.java:102) ~[junit-jupiter-engine-5.8.2.jar:5.8.2]
	at org.junit.platform.engine.support.hierarchical.ThrowableCollector.execute(ThrowableCollector.java:73) ~[junit-platform-engine-1.8.2.jar:1.8.2]
	at org.junit.jupiter.engine.descriptor.TestMethodTestDescriptor.prepare(TestMethodTestDescriptor.java:101) ~[junit-jupiter-engine-5.8.2.jar:5.8.2]
	at org.junit.jupiter.engine.descriptor.TestMethodTestDescriptor.prepare(TestMethodTestDescriptor.java:66) ~[junit-jupiter-engine-5.8.2.jar:5.8.2]
	at org.junit.platform.engine.support.hierarchical.NodeTestTask.lambda$prepare$2(NodeTestTask.java:123) ~[junit-platform-engine-1.8.2.jar:1.8.2]
	at org.junit.platform.engine.support.hierarchical.ThrowableCollector.execute(ThrowableCollector.java:73) ~[junit-platform-engine-1.8.2.jar:1.8.2]
	at org.junit.platform.engine.support.hierarchical.NodeTestTask.prepare(NodeTestTask.java:123) ~[junit-platform-engine-1.8.2.jar:1.8.2]
	at org.junit.platform.engine.support.hierarchical.NodeTestTask.execute(NodeTestTask.java:90) ~[junit-platform-engine-1.8.2.jar:1.8.2]
	at java.base/java.util.ArrayList.forEach(ArrayList.java:1541) ~[na:na]
	at org.junit.platform.engine.support.hierarchical.SameThreadHierarchicalTestExecutorService.invokeAll(SameThreadHierarchicalTestExecutorService.java:41) ~[junit-platform-engine-1.8.2.jar:1.8.2]
	at org.junit.platform.engine.support.hierarchical.NodeTestTask.lambda$executeRecursively$6(NodeTestTask.java:155) ~[junit-platform-engine-1.8.2.jar:1.8.2]
	at org.junit.platform.engine.support.hierarchical.ThrowableCollector.execute(ThrowableCollector.java:73) ~[junit-platform-engine-1.8.2.jar:1.8.2]
	at org.junit.platform.engine.support.hierarchical.NodeTestTask.lambda$executeRecursively$8(NodeTestTask.java:141) ~[junit-platform-engine-1.8.2.jar:1.8.2]
	at org.junit.platform.engine.support.hierarchical.Node.around(Node.java:137) ~[junit-platform-engine-1.8.2.jar:1.8.2]
	at org.junit.platform.engine.support.hierarchical.NodeTestTask.lambda$executeRecursively$9(NodeTestTask.java:139) ~[junit-platform-engine-1.8.2.jar:1.8.2]
	at org.junit.platform.engine.support.hierarchical.ThrowableCollector.execute(ThrowableCollector.java:73) ~[junit-platform-engine-1.8.2.jar:1.8.2]
	at org.junit.platform.engine.support.hierarchical.NodeTestTask.executeRecursively(NodeTestTask.java:138) ~[junit-platform-engine-1.8.2.jar:1.8.2]
	at org.junit.platform.engine.support.hierarchical.NodeTestTask.execute(NodeTestTask.java:95) ~[junit-platform-engine-1.8.2.jar:1.8.2]
	at java.base/java.util.ArrayList.forEach(ArrayList.java:1541) ~[na:na]
	at org.junit.platform.engine.support.hierarchical.SameThreadHierarchicalTestExecutorService.invokeAll(SameThreadHierarchicalTestExecutorService.java:41) ~[junit-platform-engine-1.8.2.jar:1.8.2]
	at org.junit.platform.engine.support.hierarchical.NodeTestTask.lambda$executeRecursively$6(NodeTestTask.java:155) ~[junit-platform-engine-1.8.2.jar:1.8.2]
	at org.junit.platform.engine.support.hierarchical.ThrowableCollector.execute(ThrowableCollector.java:73) ~[junit-platform-engine-1.8.2.jar:1.8.2]
	at org.junit.platform.engine.support.hierarchical.NodeTestTask.lambda$executeRecursively$8(NodeTestTask.java:141) ~[junit-platform-engine-1.8.2.jar:1.8.2]
	at org.junit.platform.engine.support.hierarchical.Node.around(Node.java:137) ~[junit-platform-engine-1.8.2.jar:1.8.2]
	at org.junit.platform.engine.support.hierarchical.NodeTestTask.lambda$executeRecursively$9(NodeTestTask.java:139) ~[junit-platform-engine-1.8.2.jar:1.8.2]
	at org.junit.platform.engine.support.hierarchical.ThrowableCollector.execute(ThrowableCollector.java:73) ~[junit-platform-engine-1.8.2.jar:1.8.2]
	at org.junit.platform.engine.support.hierarchical.NodeTestTask.executeRecursively(NodeTestTask.java:138) ~[junit-platform-engine-1.8.2.jar:1.8.2]
	at org.junit.platform.engine.support.hierarchical.NodeTestTask.execute(NodeTestTask.java:95) ~[junit-platform-engine-1.8.2.jar:1.8.2]
	at org.junit.platform.engine.support.hierarchical.SameThreadHierarchicalTestExecutorService.submit(SameThreadHierarchicalTestExecutorService.java:35) ~[junit-platform-engine-1.8.2.jar:1.8.2]
	at org.junit.platform.engine.support.hierarchical.HierarchicalTestExecutor.execute(HierarchicalTestExecutor.java:57) ~[junit-platform-engine-1.8.2.jar:1.8.2]
	at org.junit.platform.engine.support.hierarchical.HierarchicalTestEngine.execute(HierarchicalTestEngine.java:54) ~[junit-platform-engine-1.8.2.jar:1.8.2]
	at org.junit.platform.launcher.core.EngineExecutionOrchestrator.execute(EngineExecutionOrchestrator.java:108) ~[na:na]
	at org.junit.platform.launcher.core.EngineExecutionOrchestrator.execute(EngineExecutionOrchestrator.java:88) ~[na:na]
	at org.junit.platform.launcher.core.EngineExecutionOrchestrator.lambda$execute$0(EngineExecutionOrchestrator.java:54) ~[na:na]
	at org.junit.platform.launcher.core.EngineExecutionOrchestrator.withInterceptedStreams(EngineExecutionOrchestrator.java:67) ~[na:na]
	at org.junit.platform.launcher.core.EngineExecutionOrchestrator.execute(EngineExecutionOrchestrator.java:52) ~[na:na]
	at org.junit.platform.launcher.core.DefaultLauncher.execute(DefaultLauncher.java:96) ~[na:na]
	at org.junit.platform.launcher.core.DefaultLauncher.execute(DefaultLauncher.java:75) ~[na:na]
	at org.gradle.api.internal.tasks.testing.junitplatform.JUnitPlatformTestClassProcessor$CollectAllTestClassesExecutor.processAllTestClasses(JUnitPlatformTestClassProcessor.java:99) ~[na:na]
	at org.gradle.api.internal.tasks.testing.junitplatform.JUnitPlatformTestClassProcessor$CollectAllTestClassesExecutor.access$000(JUnitPlatformTestClassProcessor.java:79) ~[na:na]
	at org.gradle.api.internal.tasks.testing.junitplatform.JUnitPlatformTestClassProcessor.stop(JUnitPlatformTestClassProcessor.java:75) ~[na:na]
	at org.gradle.api.internal.tasks.testing.SuiteTestClassProcessor.stop(SuiteTestClassProcessor.java:61) ~[na:na]
	at java.base/jdk.internal.reflect.NativeMethodAccessorImpl.invoke0(Native Method) ~[na:na]
	at java.base/jdk.internal.reflect.NativeMethodAccessorImpl.invoke(NativeMethodAccessorImpl.java:62) ~[na:na]
	at java.base/jdk.internal.reflect.DelegatingMethodAccessorImpl.invoke(DelegatingMethodAccessorImpl.java:43) ~[na:na]
	at java.base/java.lang.reflect.Method.invoke(Method.java:566) ~[na:na]
	at org.gradle.internal.dispatch.ReflectionDispatch.dispatch(ReflectionDispatch.java:36) ~[na:na]
	at org.gradle.internal.dispatch.ReflectionDispatch.dispatch(ReflectionDispatch.java:24) ~[na:na]
	at org.gradle.internal.dispatch.ContextClassLoaderDispatch.dispatch(ContextClassLoaderDispatch.java:33) ~[na:na]
	at org.gradle.internal.dispatch.ProxyDispatchAdapter$DispatchingInvocationHandler.invoke(ProxyDispatchAdapter.java:94) ~[na:na]
	at com.sun.proxy.$Proxy2.stop(Unknown Source) ~[na:na]
	at org.gradle.api.internal.tasks.testing.worker.TestWorker$3.run(TestWorker.java:193) ~[na:na]
	at org.gradle.api.internal.tasks.testing.worker.TestWorker.executeAndMaintainThreadName(TestWorker.java:129) ~[na:na]
	at org.gradle.api.internal.tasks.testing.worker.TestWorker.execute(TestWorker.java:100) ~[na:na]
	at org.gradle.api.internal.tasks.testing.worker.TestWorker.execute(TestWorker.java:60) ~[na:na]
	at org.gradle.process.internal.worker.child.ActionExecutionWorker.execute(ActionExecutionWorker.java:56) ~[na:na]
	at org.gradle.process.internal.worker.child.SystemApplicationClassLoaderWorker.call(SystemApplicationClassLoaderWorker.java:133) ~[na:na]
	at org.gradle.process.internal.worker.child.SystemApplicationClassLoaderWorker.call(SystemApplicationClassLoaderWorker.java:71) ~[na:na]
	at worker.org.gradle.process.internal.worker.GradleWorkerMain.run(GradleWorkerMain.java:69) ~[gradle-worker.jar:na]
	at worker.org.gradle.process.internal.worker.GradleWorkerMain.main(GradleWorkerMain.java:74) ~[gradle-worker.jar:na]
Caused by: org.springframework.beans.factory.UnsatisfiedDependencyException: Error creating bean with name 'securityConfig' defined in file [C:\Users\laptop\Desktop\놀이방\camp\build\classes\java\main\couch\camping\config\SecurityConfig.class]: Unsatisfied dependency expressed through constructor parameter 0; nested exception is org.springframework.beans.factory.NoSuchBeanDefinitionException: No qualifying bean of type 'couch.camping.config.auth.AuthFilterContainer' available: expected at least 1 bean which qualifies as autowire candidate. Dependency annotations: {}
	at org.springframework.beans.factory.support.ConstructorResolver.createArgumentArray(ConstructorResolver.java:800) ~[spring-beans-5.3.15.jar:5.3.15]
	at org.springframework.beans.factory.support.ConstructorResolver.autowireConstructor(ConstructorResolver.java:229) ~[spring-beans-5.3.15.jar:5.3.15]
	at org.springframework.beans.factory.support.AbstractAutowireCapableBeanFactory.autowireConstructor(AbstractAutowireCapableBeanFactory.java:1372) ~[spring-beans-5.3.15.jar:5.3.15]
	at org.springframework.beans.factory.support.AbstractAutowireCapableBeanFactory.createBeanInstance(AbstractAutowireCapableBeanFactory.java:1222) ~[spring-beans-5.3.15.jar:5.3.15]
	at org.springframework.beans.factory.support.AbstractAutowireCapableBeanFactory.doCreateBean(AbstractAutowireCapableBeanFactory.java:582) ~[spring-beans-5.3.15.jar:5.3.15]
	at org.springframework.beans.factory.support.AbstractAutowireCapableBeanFactory.createBean(AbstractAutowireCapableBeanFactory.java:542) ~[spring-beans-5.3.15.jar:5.3.15]
	at org.springframework.beans.factory.support.AbstractBeanFactory.lambda$doGetBean$0(AbstractBeanFactory.java:335) ~[spring-beans-5.3.15.jar:5.3.15]
	at org.springframework.beans.factory.support.DefaultSingletonBeanRegistry.getSingleton(DefaultSingletonBeanRegistry.java:234) ~[spring-beans-5.3.15.jar:5.3.15]
	at org.springframework.beans.factory.support.AbstractBeanFactory.doGetBean(AbstractBeanFactory.java:333) ~[spring-beans-5.3.15.jar:5.3.15]
	at org.springframework.beans.factory.support.AbstractBeanFactory.getBean(AbstractBeanFactory.java:208) ~[spring-beans-5.3.15.jar:5.3.15]
	at org.springframework.beans.factory.support.DefaultListableBeanFactory.preInstantiateSingletons(DefaultListableBeanFactory.java:953) ~[spring-beans-5.3.15.jar:5.3.15]
	at org.springframework.context.support.AbstractApplicationContext.finishBeanFactoryInitialization(AbstractApplicationContext.java:918) ~[spring-context-5.3.15.jar:5.3.15]
	at org.springframework.context.support.AbstractApplicationContext.refresh(AbstractApplicationContext.java:583) ~[spring-context-5.3.15.jar:5.3.15]
	at org.springframework.boot.SpringApplication.refresh(SpringApplication.java:732) ~[spring-boot-2.6.3.jar:2.6.3]
	at org.springframework.boot.SpringApplication.refreshContext(SpringApplication.java:414) ~[spring-boot-2.6.3.jar:2.6.3]
	at org.springframework.boot.SpringApplication.run(SpringApplication.java:302) ~[spring-boot-2.6.3.jar:2.6.3]
	at org.springframework.boot.test.context.SpringBootContextLoader.loadContext(SpringBootContextLoader.java:136) ~[spring-boot-test-2.6.3.jar:2.6.3]
	at org.springframework.test.context.cache.DefaultCacheAwareContextLoaderDelegate.loadContextInternal(DefaultCacheAwareContextLoaderDelegate.java:99) ~[spring-test-5.3.15.jar:5.3.15]
	at org.springframework.test.context.cache.DefaultCacheAwareContextLoaderDelegate.loadContext(DefaultCacheAwareContextLoaderDelegate.java:124) ~[spring-test-5.3.15.jar:5.3.15]
	... 85 common frames omitted
Caused by: org.springframework.beans.factory.NoSuchBeanDefinitionException: No qualifying bean of type 'couch.camping.config.auth.AuthFilterContainer' available: expected at least 1 bean which qualifies as autowire candidate. Dependency annotations: {}
	at org.springframework.beans.factory.support.DefaultListableBeanFactory.raiseNoMatchingBeanFound(DefaultListableBeanFactory.java:1799) ~[spring-beans-5.3.15.jar:5.3.15]
	at org.springframework.beans.factory.support.DefaultListableBeanFactory.doResolveDependency(DefaultListableBeanFactory.java:1355) ~[spring-beans-5.3.15.jar:5.3.15]
	at org.springframework.beans.factory.support.DefaultListableBeanFactory.resolveDependency(DefaultListableBeanFactory.java:1309) ~[spring-beans-5.3.15.jar:5.3.15]
	at org.springframework.beans.factory.support.ConstructorResolver.resolveAutowiredArgument(ConstructorResolver.java:887) ~[spring-beans-5.3.15.jar:5.3.15]
	at org.springframework.beans.factory.support.ConstructorResolver.createArgumentArray(ConstructorResolver.java:791) ~[spring-beans-5.3.15.jar:5.3.15]
	... 103 common frames omitted

</pre>
</span>
</div>
</div>
<div id="footer">
<p>
<div>
<label class="hidden" id="label-for-line-wrapping-toggle" for="line-wrapping-toggle">Wrap lines
<input id="line-wrapping-toggle" type="checkbox" autocomplete="off"/>
</label>
</div>Generated by 
<a href="http://www.gradle.org">Gradle 7.3.3</a> at 2022. 3. 19. 오전 4:47:12</p>
</div>
</div>
</body>
</html>
